[2026-04-25T14:42:19.924Z] GET /messages/ec84ee0d-672a-4210-9037-24988cfb5f5a User: 71238faa-7699-49af-8e88-f1b1bf42b510 Count: 0
[2026-04-25T14:42:23.928Z] GET /messages/ec84ee0d-672a-4210-9037-24988cfb5f5a User: 71238faa-7699-49af-8e88-f1b1bf42b510 Count: 0
[2026-04-25T14:42:27.936Z] GET /messages/ec84ee0d-672a-4210-9037-24988cfb5f5a User: 71238faa-7699-49af-8e88-f1b1bf42b510 Count: 1
[2026-04-25T14:42:53.394Z] GET /messages/6dacb8e6-aef5-437d-98ba-07278e71d71d User: 71238faa-7699-49af-8e88-f1b1bf42b510 Count: 0
[2026-04-25T14:42:57.435Z] GET /messages/6dacb8e6-aef5-437d-98ba-07278e71d71d User: 71238faa-7699-49af-8e88-f1b1bf42b510 Count: 0
[2026-04-25T14:43:01.428Z] GET /messages/6dacb8e6-aef5-437d-98ba-07278e71d71d User: 71238faa-7699-49af-8e88-f1b1bf42b510 Count: 0
[2026-04-25T14:43:21.286Z] GET /messages/ec84ee0d-672a-4210-9037-24988cfb5f5a User: 71238faa-7699-49af-8e88-f1b1bf42b510 Count: 1
[2026-04-25T14:43:25.298Z] GET /messages/ec84ee0d-672a-4210-9037-24988cfb5f5a User: 71238faa-7699-49af-8e88-f1b1bf42b510 Count: 1
[2026-04-25T14:43:29.385Z] GET /messages/ec84ee0d-672a-4210-9037-24988cfb5f5a User: 71238faa-7699-49af-8e88-f1b1bf42b510 Count: 2
[2026-04-25T14:47:02.225Z] GET /messages/ec84ee0d-672a-4210-9037-24988cfb5f5a User: 99147d24-736c-4a19-809c-f8f9f9a44cac Count: 2
[2026-04-25T14:47:06.224Z] GET /messages/ec84ee0d-672a-4210-9037-24988cfb5f5a User: 99147d24-736c-4a19-809c-f8f9f9a44cac Count: 2
[2026-04-25T14:47:10.225Z] GET /messages/ec84ee0d-672a-4210-9037-24988cfb5f5a User: 99147d24-736c-4a19-809c-f8f9f9a44cac Count: 3
[2026-04-25T14:47:14.225Z] GET /messages/ec84ee0d-672a-4210-9037-24988cfb5f5a User: 99147d24-736c-4a19-809c-f8f9f9a44cac Count: 4
[2026-04-25T14:47:18.240Z] GET /messages/ec84ee0d-672a-4210-9037-24988cfb5f5a User: 99147d24-736c-4a19-809c-f8f9f9a44cac Count: 4
[2026-04-25T14:47:22.254Z] GET /messages/ec84ee0d-672a-4210-9037-24988cfb5f5a User: 99147d24-736c-4a19-809c-f8f9f9a44cac Count: 5
[2026-04-25T14:47:26.267Z] GET /messages/ec84ee0d-672a-4210-9037-24988cfb5f5a User: 99147d24-736c-4a19-809c-f8f9f9a44cac Count: 5
[2026-04-25T14:47:30.267Z] GET /messages/ec84ee0d-672a-4210-9037-24988cfb5f5a User: 99147d24-736c-4a19-809c-f8f9f9a44cac Count: 5
[2026-04-25T14:47:34.270Z] GET /messages/ec84ee0d-672a-4210-9037-24988cfb5f5a User: 99147d24-736c-4a19-809c-f8f9f9a44cac Count: 5
[2026-04-25T14:47:38.266Z] GET /messages/ec84ee0d-672a-4210-9037-24988cfb5f5a User: 99147d24-736c-4a19-809c-f8f9f9a44cac Count: 5
[2026-04-25T14:47:42.269Z] GET /messages/ec84ee0d-672a-4210-9037-24988cfb5f5a User: 99147d24-736c-4a19-809c-f8f9f9a44cac Count: 5
[2026-04-25T14:47:46.277Z] GET /messages/ec84ee0d-672a-4210-9037-24988cfb5f5a User: 99147d24-736c-4a19-809c-f8f9f9a44cac Count: 6
[2026-04-25T14:48:55.529Z] GET /messages/48a99962-37e2-403c-98e5-6a5a17ca0283 User: 71238faa-7699-49af-8e88-f1b1bf42b510 Count: 0
[2026-04-25T14:48:59.459Z] GET /messages/48a99962-37e2-403c-98e5-6a5a17ca0283 User: 71238faa-7699-49af-8e88-f1b1bf42b510 Count: 0
[2026-04-25T14:49:03.457Z] GET /messages/48a99962-37e2-403c-98e5-6a5a17ca0283 User: 71238faa-7699-49af-8e88-f1b1bf42b510 Count: 0
[2026-04-25T14:49:06.994Z] GET /messages/48a99962-37e2-403c-98e5-6a5a17ca0283 User: 71238faa-7699-49af-8e88-f1b1bf42b510 Count: 0
[2026-04-25T14:49:11.090Z] GET /messages/48a99962-37e2-403c-98e5-6a5a17ca0283 User: 71238faa-7699-49af-8e88-f1b1bf42b510 Count: 0
[2026-04-25T14:49:15.003Z] GET /messages/48a99962-37e2-403c-98e5-6a5a17ca0283 User: 71238faa-7699-49af-8e88-f1b1bf42b510 Count: 0
[2026-04-25T15:18:25.300Z] GET /messages/490195ed-9c46-4c33-a74b-dda217c68a1b User: 8efe0c5d-0503-47a1-bb66-9f1f0a46e6c8 Count: 0
[2026-04-25T15:18:29.207Z] GET /messages/490195ed-9c46-4c33-a74b-dda217c68a1b User: 8efe0c5d-0503-47a1-bb66-9f1f0a46e6c8 Count: 0
[2026-04-25T15:18:33.283Z] GET /messages/490195ed-9c46-4c33-a74b-dda217c68a1b User: 8efe0c5d-0503-47a1-bb66-9f1f0a46e6c8 Count: 0
[2026-04-25T15:18:37.209Z] GET /messages/490195ed-9c46-4c33-a74b-dda217c68a1b User: 8efe0c5d-0503-47a1-bb66-9f1f0a46e6c8 Count: 0
[2026-04-25T15:18:41.271Z] GET /messages/490195ed-9c46-4c33-a74b-dda217c68a1b User: 8efe0c5d-0503-47a1-bb66-9f1f0a46e6c8 Count: 0
[2026-04-25T15:18:45.210Z] GET /messages/490195ed-9c46-4c33-a74b-dda217c68a1b User: 8efe0c5d-0503-47a1-bb66-9f1f0a46e6c8 Count: 0
[2026-04-25T15:18:49.250Z] GET /messages/490195ed-9c46-4c33-a74b-dda217c68a1b User: 8efe0c5d-0503-47a1-bb66-9f1f0a46e6c8 Count: 0
[2026-04-25T15:18:53.250Z] GET /messages/490195ed-9c46-4c33-a74b-dda217c68a1b User: 8efe0c5d-0503-47a1-bb66-9f1f0a46e6c8 Count: 0
[2026-04-25T15:18:57.241Z] GET /messages/490195ed-9c46-4c33-a74b-dda217c68a1b User: 8efe0c5d-0503-47a1-bb66-9f1f0a46e6c8 Count: 0
[2026-04-25T15:19:01.241Z] GET /messages/490195ed-9c46-4c33-a74b-dda217c68a1b User: 8efe0c5d-0503-47a1-bb66-9f1f0a46e6c8 Count: 0
[2026-04-25T15:19:05.336Z] GET /messages/490195ed-9c46-4c33-a74b-dda217c68a1b User: 8efe0c5d-0503-47a1-bb66-9f1f0a46e6c8 Count: 0
[2026-04-25T15:31:23.241Z] GET /messages/d29cfc69-1e2f-4e23-b801-aa04eace1b01 User: 8efe0c5d-0503-47a1-bb66-9f1f0a46e6c8 Count: 1
[2026-04-25T15:31:27.156Z] GET /messages/d29cfc69-1e2f-4e23-b801-aa04eace1b01 User: 8efe0c5d-0503-47a1-bb66-9f1f0a46e6c8 Count: 1
[2026-04-25T15:31:31.165Z] GET /messages/d29cfc69-1e2f-4e23-b801-aa04eace1b01 User: 8efe0c5d-0503-47a1-bb66-9f1f0a46e6c8 Count: 2
[2026-04-25T15:31:35.189Z] GET /messages/d29cfc69-1e2f-4e23-b801-aa04eace1b01 User: 8efe0c5d-0503-47a1-bb66-9f1f0a46e6c8 Count: 2
[2026-04-25T15:31:39.187Z] GET /messages/d29cfc69-1e2f-4e23-b801-aa04eace1b01 User: 8efe0c5d-0503-47a1-bb66-9f1f0a46e6c8 Count: 2
[2026-04-25T15:31:43.197Z] GET /messages/d29cfc69-1e2f-4e23-b801-aa04eace1b01 User: 8efe0c5d-0503-47a1-bb66-9f1f0a46e6c8 Count: 2
[2026-04-25T15:31:47.213Z] GET /messages/d29cfc69-1e2f-4e23-b801-aa04eace1b01 User: 8efe0c5d-0503-47a1-bb66-9f1f0a46e6c8 Count: 2
[2026-04-25T15:31:51.186Z] GET /messages/d29cfc69-1e2f-4e23-b801-aa04eace1b01 User: 8efe0c5d-0503-47a1-bb66-9f1f0a46e6c8 Count: 2
[2026-04-25T15:31:55.200Z] GET /messages/d29cfc69-1e2f-4e23-b801-aa04eace1b01 User: 8efe0c5d-0503-47a1-bb66-9f1f0a46e6c8 Count: 2
[2026-04-25T15:31:59.219Z] GET /messages/d29cfc69-1e2f-4e23-b801-aa04eace1b01 User: 8efe0c5d-0503-47a1-bb66-9f1f0a46e6c8 Count: 2
[2026-04-25T15:32:03.293Z] GET /messages/d29cfc69-1e2f-4e23-b801-aa04eace1b01 User: 8efe0c5d-0503-47a1-bb66-9f1f0a46e6c8 Count: 2
[2026-04-25T15:32:07.217Z] GET /messages/d29cfc69-1e2f-4e23-b801-aa04eace1b01 User: 8efe0c5d-0503-47a1-bb66-9f1f0a46e6c8 Count: 2
[2026-04-25T15:32:11.254Z] GET /messages/d29cfc69-1e2f-4e23-b801-aa04eace1b01 User: 8efe0c5d-0503-47a1-bb66-9f1f0a46e6c8 Count: 2
[2026-04-25T15:32:15.255Z] GET /messages/d29cfc69-1e2f-4e23-b801-aa04eace1b01 User: 8efe0c5d-0503-47a1-bb66-9f1f0a46e6c8 Count: 2
[2026-04-25T15:32:19.243Z] GET /messages/d29cfc69-1e2f-4e23-b801-aa04eace1b01 User: 8efe0c5d-0503-47a1-bb66-9f1f0a46e6c8 Count: 2
[2026-04-25T15:32:23.237Z] GET /messages/d29cfc69-1e2f-4e23-b801-aa04eace1b01 User: 8efe0c5d-0503-47a1-bb66-9f1f0a46e6c8 Count: 2
[2026-04-25T15:32:27.235Z] GET /messages/d29cfc69-1e2f-4e23-b801-aa04eace1b01 User: 8efe0c5d-0503-47a1-bb66-9f1f0a46e6c8 Count: 2
[2026-04-25T15:32:31.275Z] GET /messages/d29cfc69-1e2f-4e23-b801-aa04eace1b01 User: 8efe0c5d-0503-47a1-bb66-9f1f0a46e6c8 Count: 2
[2026-04-25T15:32:35.236Z] GET /messages/d29cfc69-1e2f-4e23-b801-aa04eace1b01 User: 8efe0c5d-0503-47a1-bb66-9f1f0a46e6c8 Count: 2
[2026-04-25T15:32:39.307Z] GET /messages/d29cfc69-1e2f-4e23-b801-aa04eace1b01 User: 8efe0c5d-0503-47a1-bb66-9f1f0a46e6c8 Count: 2
[2026-04-25T15:32:43.252Z] GET /messages/d29cfc69-1e2f-4e23-b801-aa04eace1b01 User: 8efe0c5d-0503-47a1-bb66-9f1f0a46e6c8 Count: 2
[2026-04-25T15:32:47.298Z] GET /messages/d29cfc69-1e2f-4e23-b801-aa04eace1b01 User: 8efe0c5d-0503-47a1-bb66-9f1f0a46e6c8 Count: 2
[2026-04-25T15:32:51.270Z] GET /messages/d29cfc69-1e2f-4e23-b801-aa04eace1b01 User: 8efe0c5d-0503-47a1-bb66-9f1f0a46e6c8 Count: 2
[2026-04-25T15:32:55.287Z] GET /messages/d29cfc69-1e2f-4e23-b801-aa04eace1b01 User: 8efe0c5d-0503-47a1-bb66-9f1f0a46e6c8 Count: 2
[2026-04-25T15:32:59.285Z] GET /messages/d29cfc69-1e2f-4e23-b801-aa04eace1b01 User: 8efe0c5d-0503-47a1-bb66-9f1f0a46e6c8 Count: 2
[2026-04-25T15:33:03.390Z] GET /messages/d29cfc69-1e2f-4e23-b801-aa04eace1b01 User: 8efe0c5d-0503-47a1-bb66-9f1f0a46e6c8 Count: 2
[2026-04-25T15:33:07.291Z] GET /messages/d29cfc69-1e2f-4e23-b801-aa04eace1b01 User: 8efe0c5d-0503-47a1-bb66-9f1f0a46e6c8 Count: 2
[2026-04-25T15:33:11.287Z] GET /messages/d29cfc69-1e2f-4e23-b801-aa04eace1b01 User: 8efe0c5d-0503-47a1-bb66-9f1f0a46e6c8 Count: 2
[2026-04-25T15:33:15.299Z] GET /messages/d29cfc69-1e2f-4e23-b801-aa04eace1b01 User: 8efe0c5d-0503-47a1-bb66-9f1f0a46e6c8 Count: 2
[2026-04-25T15:33:47.296Z] GET /messages/d29cfc69-1e2f-4e23-b801-aa04eace1b01 User: 8efe0c5d-0503-47a1-bb66-9f1f0a46e6c8 Count: 2
[2026-04-25T15:36:00.346Z] GET /conversations User: 8efe0c5d-0503-47a1-bb66-9f1f0a46e6c8 Role: transporter Params: ["8efe0c5d-0503-47a1-bb66-9f1f0a46e6c8","8efe0c5d-0503-47a1-bb66-9f1f0a46e6c8"]
[2026-04-25T15:36:04.360Z] GET /messages/7a272a08-83d1-4018-b865-7997802db722 User: 8efe0c5d-0503-47a1-bb66-9f1f0a46e6c8 Count: 1
[2026-04-25T15:36:05.962Z] GET /conversations User: 8efe0c5d-0503-47a1-bb66-9f1f0a46e6c8 Role: transporter Params: ["8efe0c5d-0503-47a1-bb66-9f1f0a46e6c8","8efe0c5d-0503-47a1-bb66-9f1f0a46e6c8"]
[2026-04-25T15:36:06.708Z] GET /messages/490195ed-9c46-4c33-a74b-dda217c68a1b User: 8efe0c5d-0503-47a1-bb66-9f1f0a46e6c8 Count: 0
[2026-04-25T15:36:07.812Z] GET /conversations User: 8efe0c5d-0503-47a1-bb66-9f1f0a46e6c8 Role: transporter Params: ["8efe0c5d-0503-47a1-bb66-9f1f0a46e6c8","8efe0c5d-0503-47a1-bb66-9f1f0a46e6c8"]
[2026-04-25T15:37:47.157Z] GET /conversations User: 8efe0c5d-0503-47a1-bb66-9f1f0a46e6c8 Role: transporter Params: ["8efe0c5d-0503-47a1-bb66-9f1f0a46e6c8","8efe0c5d-0503-47a1-bb66-9f1f0a46e6c8"]
[2026-04-25T15:39:04.490Z] GET /conversations User: 8efe0c5d-0503-47a1-bb66-9f1f0a46e6c8 Role: transporter Params: ["8efe0c5d-0503-47a1-bb66-9f1f0a46e6c8","8efe0c5d-0503-47a1-bb66-9f1f0a46e6c8"]
[2026-04-25T15:42:14.997Z] GET /conversations User: 8efe0c5d-0503-47a1-bb66-9f1f0a46e6c8 Role: transporter Params: ["8efe0c5d-0503-47a1-bb66-9f1f0a46e6c8","8efe0c5d-0503-47a1-bb66-9f1f0a46e6c8"]
[2026-04-25T15:43:17.678Z] GET /conversations User: 8efe0c5d-0503-47a1-bb66-9f1f0a46e6c8 Role: transporter Params: ["8efe0c5d-0503-47a1-bb66-9f1f0a46e6c8","8efe0c5d-0503-47a1-bb66-9f1f0a46e6c8"]
[2026-04-25T15:43:26.593Z] GET /conversations User: 8efe0c5d-0503-47a1-bb66-9f1f0a46e6c8 Role: transporter Params: ["8efe0c5d-0503-47a1-bb66-9f1f0a46e6c8","8efe0c5d-0503-47a1-bb66-9f1f0a46e6c8"]
[2026-04-25T15:43:51.731Z] GET /conversations User: 8efe0c5d-0503-47a1-bb66-9f1f0a46e6c8 Role: transporter Params: ["8efe0c5d-0503-47a1-bb66-9f1f0a46e6c8","8efe0c5d-0503-47a1-bb66-9f1f0a46e6c8"]
[2026-04-25T15:44:09.594Z] GET /messages/490195ed-9c46-4c33-a74b-dda217c68a1b User: 8efe0c5d-0503-47a1-bb66-9f1f0a46e6c8 Count: 0
[2026-04-25T15:44:12.244Z] GET /conversations User: 8efe0c5d-0503-47a1-bb66-9f1f0a46e6c8 Role: transporter Params: ["8efe0c5d-0503-47a1-bb66-9f1f0a46e6c8","8efe0c5d-0503-47a1-bb66-9f1f0a46e6c8"]
[2026-04-25T15:44:15.204Z] GET /messages/490195ed-9c46-4c33-a74b-dda217c68a1b User: 8efe0c5d-0503-47a1-bb66-9f1f0a46e6c8 Count: 0
[2026-04-25T15:44:16.442Z] GET /conversations User: 8efe0c5d-0503-47a1-bb66-9f1f0a46e6c8 Role: transporter Params: ["8efe0c5d-0503-47a1-bb66-9f1f0a46e6c8","8efe0c5d-0503-47a1-bb66-9f1f0a46e6c8"]
[2026-04-25T15:44:17.783Z] GET /conversations User: 8efe0c5d-0503-47a1-bb66-9f1f0a46e6c8 Role: transporter Params: ["8efe0c5d-0503-47a1-bb66-9f1f0a46e6c8","8efe0c5d-0503-47a1-bb66-9f1f0a46e6c8"]
[2026-04-25T15:44:19.724Z] GET /messages/7a272a08-83d1-4018-b865-7997802db722 User: 8efe0c5d-0503-47a1-bb66-9f1f0a46e6c8 Count: 1
[2026-04-25T15:44:23.716Z] GET /messages/7a272a08-83d1-4018-b865-7997802db722 User: 8efe0c5d-0503-47a1-bb66-9f1f0a46e6c8 Count: 1
[2026-04-28T14:49:57.202Z] GET /conversations User: 99147d24-736c-4a19-809c-f8f9f9a44cac Role: client Params: ["99147d24-736c-4a19-809c-f8f9f9a44cac","99147d24-736c-4a19-809c-f8f9f9a44cac"]
[2026-04-28T14:50:05.962Z] GET /messages/6dacb8e6-aef5-437d-98ba-07278e71d71d User: 99147d24-736c-4a19-809c-f8f9f9a44cac Count: 0
[2026-04-28T14:50:07.728Z] GET /conversations User: 99147d24-736c-4a19-809c-f8f9f9a44cac Role: client Params: ["99147d24-736c-4a19-809c-f8f9f9a44cac","99147d24-736c-4a19-809c-f8f9f9a44cac"]
[2026-04-28T14:50:08.862Z] GET /messages/c0f48418-6170-497b-afcd-60c257fc4da9 User: 99147d24-736c-4a19-809c-f8f9f9a44cac Count: 0
[2026-04-28T14:50:09.898Z] GET /conversations User: 99147d24-736c-4a19-809c-f8f9f9a44cac Role: client Params: ["99147d24-736c-4a19-809c-f8f9f9a44cac","99147d24-736c-4a19-809c-f8f9f9a44cac"]
[2026-04-28T14:50:11.761Z] GET /messages/46aefe4f-c385-47b9-b2a0-f6ae38bf2dbf User: 99147d24-736c-4a19-809c-f8f9f9a44cac Count: 1
[2026-04-28T14:50:13.875Z] GET /conversations User: 99147d24-736c-4a19-809c-f8f9f9a44cac Role: client Params: ["99147d24-736c-4a19-809c-f8f9f9a44cac","99147d24-736c-4a19-809c-f8f9f9a44cac"]
[2026-04-28T14:50:15.242Z] GET /messages/d29cfc69-1e2f-4e23-b801-aa04eace1b01 User: 99147d24-736c-4a19-809c-f8f9f9a44cac Count: 2
[2026-04-28T14:50:17.141Z] GET /conversations User: 99147d24-736c-4a19-809c-f8f9f9a44cac Role: client Params: ["99147d24-736c-4a19-809c-f8f9f9a44cac","99147d24-736c-4a19-809c-f8f9f9a44cac"]
[2026-04-28T14:50:18.025Z] GET /messages/d29cfc69-1e2f-4e23-b801-aa04eace1b01 User: 99147d24-736c-4a19-809c-f8f9f9a44cac Count: 2
[2026-04-28T14:50:19.710Z] GET /conversations User: 99147d24-736c-4a19-809c-f8f9f9a44cac Role: client Params: ["99147d24-736c-4a19-809c-f8f9f9a44cac","99147d24-736c-4a19-809c-f8f9f9a44cac"]
[2026-04-28T14:50:20.806Z] GET /messages/7a272a08-83d1-4018-b865-7997802db722 User: 99147d24-736c-4a19-809c-f8f9f9a44cac Count: 1
[2026-04-28T14:50:23.919Z] GET /conversations User: 99147d24-736c-4a19-809c-f8f9f9a44cac Role: client Params: ["99147d24-736c-4a19-809c-f8f9f9a44cac","99147d24-736c-4a19-809c-f8f9f9a44cac"]
[2026-04-28T14:51:13.367Z] GET /conversations User: 99147d24-736c-4a19-809c-f8f9f9a44cac Role: client Params: ["99147d24-736c-4a19-809c-f8f9f9a44cac","99147d24-736c-4a19-809c-f8f9f9a44cac"]
[2026-04-28T14:53:14.449Z] GET /messages/d29cfc69-1e2f-4e23-b801-aa04eace1b01 User: 99147d24-736c-4a19-809c-f8f9f9a44cac Count: 2
[2026-04-28T14:53:18.413Z] GET /messages/d29cfc69-1e2f-4e23-b801-aa04eace1b01 User: 99147d24-736c-4a19-809c-f8f9f9a44cac Count: 2
[2026-04-28T14:53:21.951Z] GET /conversations User: 99147d24-736c-4a19-809c-f8f9f9a44cac Role: client Params: ["99147d24-736c-4a19-809c-f8f9f9a44cac","99147d24-736c-4a19-809c-f8f9f9a44cac"]
[2026-04-28T14:53:22.567Z] GET /conversations User: 99147d24-736c-4a19-809c-f8f9f9a44cac Role: client Params: ["99147d24-736c-4a19-809c-f8f9f9a44cac","99147d24-736c-4a19-809c-f8f9f9a44cac"]
[2026-04-28T14:53:23.900Z] GET /messages/d29cfc69-1e2f-4e23-b801-aa04eace1b01 User: 99147d24-736c-4a19-809c-f8f9f9a44cac Count: 3
[2026-04-28T14:53:25.382Z] GET /conversations User: 99147d24-736c-4a19-809c-f8f9f9a44cac Role: client Params: ["99147d24-736c-4a19-809c-f8f9f9a44cac","99147d24-736c-4a19-809c-f8f9f9a44cac"]
[2026-04-28T14:54:38.410Z] GET /conversations User: 99147d24-736c-4a19-809c-f8f9f9a44cac Role: client Params: ["99147d24-736c-4a19-809c-f8f9f9a44cac","99147d24-736c-4a19-809c-f8f9f9a44cac"]
[2026-04-28T19:43:09.280Z] GET /conversations User: 99147d24-736c-4a19-809c-f8f9f9a44cac Role: client Params: ["99147d24-736c-4a19-809c-f8f9f9a44cac","99147d24-736c-4a19-809c-f8f9f9a44cac"]
[2026-04-28T19:43:23.976Z] GET /messages/d29cfc69-1e2f-4e23-b801-aa04eace1b01 User: 99147d24-736c-4a19-809c-f8f9f9a44cac Count: 3
[2026-04-28T19:43:28.022Z] GET /messages/d29cfc69-1e2f-4e23-b801-aa04eace1b01 User: 99147d24-736c-4a19-809c-f8f9f9a44cac Count: 3
[2026-04-28T19:43:31.946Z] GET /messages/d29cfc69-1e2f-4e23-b801-aa04eace1b01 User: 99147d24-736c-4a19-809c-f8f9f9a44cac Count: 3
[2026-04-28T19:43:36.014Z] GET /messages/d29cfc69-1e2f-4e23-b801-aa04eace1b01 User: 99147d24-736c-4a19-809c-f8f9f9a44cac Count: 3
[2026-04-28T19:43:39.950Z] GET /messages/d29cfc69-1e2f-4e23-b801-aa04eace1b01 User: 99147d24-736c-4a19-809c-f8f9f9a44cac Count: 3
[2026-04-28T19:43:44.001Z] GET /messages/d29cfc69-1e2f-4e23-b801-aa04eace1b01 User: 99147d24-736c-4a19-809c-f8f9f9a44cac Count: 3
[2026-04-28T19:43:47.950Z] GET /messages/d29cfc69-1e2f-4e23-b801-aa04eace1b01 User: 99147d24-736c-4a19-809c-f8f9f9a44cac Count: 3
[2026-04-28T19:43:51.956Z] GET /messages/d29cfc69-1e2f-4e23-b801-aa04eace1b01 User: 99147d24-736c-4a19-809c-f8f9f9a44cac Count: 3
[2026-04-28T19:43:56.093Z] GET /messages/d29cfc69-1e2f-4e23-b801-aa04eace1b01 User: 99147d24-736c-4a19-809c-f8f9f9a44cac Count: 3
[2026-04-28T19:44:00.188Z] GET /messages/d29cfc69-1e2f-4e23-b801-aa04eace1b01 User: 99147d24-736c-4a19-809c-f8f9f9a44cac Count: 3
[2026-04-28T19:44:04.079Z] GET /messages/d29cfc69-1e2f-4e23-b801-aa04eace1b01 User: 99147d24-736c-4a19-809c-f8f9f9a44cac Count: 3
[2026-04-28T19:44:08.056Z] GET /messages/d29cfc69-1e2f-4e23-b801-aa04eace1b01 User: 99147d24-736c-4a19-809c-f8f9f9a44cac Count: 3
[2026-04-28T19:44:12.053Z] GET /messages/d29cfc69-1e2f-4e23-b801-aa04eace1b01 User: 99147d24-736c-4a19-809c-f8f9f9a44cac Count: 3
[2026-04-28T19:44:16.051Z] GET /messages/d29cfc69-1e2f-4e23-b801-aa04eace1b01 User: 99147d24-736c-4a19-809c-f8f9f9a44cac Count: 3
[2026-04-28T19:44:19.969Z] GET /messages/d29cfc69-1e2f-4e23-b801-aa04eace1b01 User: 99147d24-736c-4a19-809c-f8f9f9a44cac Count: 3
[2026-04-28T19:44:23.964Z] GET /messages/d29cfc69-1e2f-4e23-b801-aa04eace1b01 User: 99147d24-736c-4a19-809c-f8f9f9a44cac Count: 3
[2026-04-28T19:44:27.964Z] GET /messages/d29cfc69-1e2f-4e23-b801-aa04eace1b01 User: 99147d24-736c-4a19-809c-f8f9f9a44cac Count: 3
[2026-04-28T19:44:31.976Z] GET /messages/d29cfc69-1e2f-4e23-b801-aa04eace1b01 User: 99147d24-736c-4a19-809c-f8f9f9a44cac Count: 3
[2026-04-28T19:44:35.969Z] GET /messages/d29cfc69-1e2f-4e23-b801-aa04eace1b01 User: 99147d24-736c-4a19-809c-f8f9f9a44cac Count: 3
[2026-04-28T19:44:39.980Z] GET /messages/d29cfc69-1e2f-4e23-b801-aa04eace1b01 User: 99147d24-736c-4a19-809c-f8f9f9a44cac Count: 3
[2026-04-28T19:44:43.972Z] GET /messages/d29cfc69-1e2f-4e23-b801-aa04eace1b01 User: 99147d24-736c-4a19-809c-f8f9f9a44cac Count: 3
[2026-04-28T19:44:47.970Z] GET /messages/d29cfc69-1e2f-4e23-b801-aa04eace1b01 User: 99147d24-736c-4a19-809c-f8f9f9a44cac Count: 3
[2026-04-28T19:44:52.086Z] GET /messages/d29cfc69-1e2f-4e23-b801-aa04eace1b01 User: 99147d24-736c-4a19-809c-f8f9f9a44cac Count: 3
[2026-04-28T19:44:55.973Z] GET /messages/d29cfc69-1e2f-4e23-b801-aa04eace1b01 User: 99147d24-736c-4a19-809c-f8f9f9a44cac Count: 3
[2026-04-28T19:44:59.971Z] GET /messages/d29cfc69-1e2f-4e23-b801-aa04eace1b01 User: 99147d24-736c-4a19-809c-f8f9f9a44cac Count: 3
[2026-04-28T19:45:03.985Z] GET /messages/d29cfc69-1e2f-4e23-b801-aa04eace1b01 User: 99147d24-736c-4a19-809c-f8f9f9a44cac Count: 3
[2026-04-28T19:45:07.981Z] GET /messages/d29cfc69-1e2f-4e23-b801-aa04eace1b01 User: 99147d24-736c-4a19-809c-f8f9f9a44cac Count: 3
[2026-04-28T19:45:11.999Z] GET /messages/d29cfc69-1e2f-4e23-b801-aa04eace1b01 User: 99147d24-736c-4a19-809c-f8f9f9a44cac Count: 3
[2026-04-28T19:45:15.980Z] GET /messages/d29cfc69-1e2f-4e23-b801-aa04eace1b01 User: 99147d24-736c-4a19-809c-f8f9f9a44cac Count: 3
[2026-04-28T19:45:19.978Z] GET /messages/d29cfc69-1e2f-4e23-b801-aa04eace1b01 User: 99147d24-736c-4a19-809c-f8f9f9a44cac Count: 3
[2026-04-28T19:45:24.086Z] GET /messages/d29cfc69-1e2f-4e23-b801-aa04eace1b01 User: 99147d24-736c-4a19-809c-f8f9f9a44cac Count: 3
[2026-04-28T19:45:27.994Z] GET /messages/d29cfc69-1e2f-4e23-b801-aa04eace1b01 User: 99147d24-736c-4a19-809c-f8f9f9a44cac Count: 3
[2026-04-28T19:45:31.984Z] GET /messages/d29cfc69-1e2f-4e23-b801-aa04eace1b01 User: 99147d24-736c-4a19-809c-f8f9f9a44cac Count: 3
[2026-04-28T19:45:35.993Z] GET /messages/d29cfc69-1e2f-4e23-b801-aa04eace1b01 User: 99147d24-736c-4a19-809c-f8f9f9a44cac Count: 3
[2026-04-28T19:45:39.987Z] GET /messages/d29cfc69-1e2f-4e23-b801-aa04eace1b01 User: 99147d24-736c-4a19-809c-f8f9f9a44cac Count: 3
[2026-04-28T19:45:43.987Z] GET /messages/d29cfc69-1e2f-4e23-b801-aa04eace1b01 User: 99147d24-736c-4a19-809c-f8f9f9a44cac Count: 3
[2026-04-28T19:45:48.263Z] GET /messages/d29cfc69-1e2f-4e23-b801-aa04eace1b01 User: 99147d24-736c-4a19-809c-f8f9f9a44cac Count: 3
[2026-04-28T19:45:51.990Z] GET /messages/d29cfc69-1e2f-4e23-b801-aa04eace1b01 User: 99147d24-736c-4a19-809c-f8f9f9a44cac Count: 3
[2026-04-28T19:45:55.989Z] GET /messages/d29cfc69-1e2f-4e23-b801-aa04eace1b01 User: 99147d24-736c-4a19-809c-f8f9f9a44cac Count: 3
[2026-04-28T19:46:00.102Z] GET /messages/d29cfc69-1e2f-4e23-b801-aa04eace1b01 User: 99147d24-736c-4a19-809c-f8f9f9a44cac Count: 3
[2026-04-28T19:46:03.992Z] GET /messages/d29cfc69-1e2f-4e23-b801-aa04eace1b01 User: 99147d24-736c-4a19-809c-f8f9f9a44cac Count: 3
[2026-04-28T19:46:08.001Z] GET /messages/d29cfc69-1e2f-4e23-b801-aa04eace1b01 User: 99147d24-736c-4a19-809c-f8f9f9a44cac Count: 3
[2026-04-28T19:46:11.997Z] GET /messages/d29cfc69-1e2f-4e23-b801-aa04eace1b01 User: 99147d24-736c-4a19-809c-f8f9f9a44cac Count: 3
[2026-04-28T19:46:15.996Z] GET /messages/d29cfc69-1e2f-4e23-b801-aa04eace1b01 User: 99147d24-736c-4a19-809c-f8f9f9a44cac Count: 3
[2026-04-28T19:46:20.002Z] GET /messages/d29cfc69-1e2f-4e23-b801-aa04eace1b01 User: 99147d24-736c-4a19-809c-f8f9f9a44cac Count: 3
[2026-04-28T19:46:24.003Z] GET /messages/d29cfc69-1e2f-4e23-b801-aa04eace1b01 User: 99147d24-736c-4a19-809c-f8f9f9a44cac Count: 3
[2026-04-28T19:46:28.012Z] GET /messages/d29cfc69-1e2f-4e23-b801-aa04eace1b01 User: 99147d24-736c-4a19-809c-f8f9f9a44cac Count: 3
[2026-04-28T19:46:32.006Z] GET /messages/d29cfc69-1e2f-4e23-b801-aa04eace1b01 User: 99147d24-736c-4a19-809c-f8f9f9a44cac Count: 3
[2026-04-28T19:46:36.005Z] GET /messages/d29cfc69-1e2f-4e23-b801-aa04eace1b01 User: 99147d24-736c-4a19-809c-f8f9f9a44cac Count: 3
[2026-04-28T19:46:40.010Z] GET /messages/d29cfc69-1e2f-4e23-b801-aa04eace1b01 User: 99147d24-736c-4a19-809c-f8f9f9a44cac Count: 3
[2026-04-28T19:46:44.009Z] GET /messages/d29cfc69-1e2f-4e23-b801-aa04eace1b01 User: 99147d24-736c-4a19-809c-f8f9f9a44cac Count: 3
[2026-04-28T19:46:48.038Z] GET /messages/d29cfc69-1e2f-4e23-b801-aa04eace1b01 User: 99147d24-736c-4a19-809c-f8f9f9a44cac Count: 3
[2026-04-28T19:46:52.009Z] GET /messages/d29cfc69-1e2f-4e23-b801-aa04eace1b01 User: 99147d24-736c-4a19-809c-f8f9f9a44cac Count: 3
[2026-04-28T19:46:56.010Z] GET /messages/d29cfc69-1e2f-4e23-b801-aa04eace1b01 User: 99147d24-736c-4a19-809c-f8f9f9a44cac Count: 3
[2026-04-28T19:47:00.032Z] GET /messages/d29cfc69-1e2f-4e23-b801-aa04eace1b01 User: 99147d24-736c-4a19-809c-f8f9f9a44cac Count: 3
[2026-04-28T19:47:04.005Z] GET /messages/d29cfc69-1e2f-4e23-b801-aa04eace1b01 User: 99147d24-736c-4a19-809c-f8f9f9a44cac Count: 3
[2026-04-28T19:47:08.023Z] GET /messages/d29cfc69-1e2f-4e23-b801-aa04eace1b01 User: 99147d24-736c-4a19-809c-f8f9f9a44cac Count: 3
[2026-04-28T19:47:12.026Z] GET /messages/d29cfc69-1e2f-4e23-b801-aa04eace1b01 User: 99147d24-736c-4a19-809c-f8f9f9a44cac Count: 3
[2026-04-28T19:47:16.027Z] GET /messages/d29cfc69-1e2f-4e23-b801-aa04eace1b01 User: 99147d24-736c-4a19-809c-f8f9f9a44cac Count: 3
[2026-04-28T19:47:20.047Z] GET /messages/d29cfc69-1e2f-4e23-b801-aa04eace1b01 User: 99147d24-736c-4a19-809c-f8f9f9a44cac Count: 3
[2026-04-28T19:47:24.068Z] GET /messages/d29cfc69-1e2f-4e23-b801-aa04eace1b01 User: 99147d24-736c-4a19-809c-f8f9f9a44cac Count: 3
[2026-04-28T19:47:28.060Z] GET /messages/d29cfc69-1e2f-4e23-b801-aa04eace1b01 User: 99147d24-736c-4a19-809c-f8f9f9a44cac Count: 3
[2026-04-28T19:47:32.065Z] GET /messages/d29cfc69-1e2f-4e23-b801-aa04eace1b01 User: 99147d24-736c-4a19-809c-f8f9f9a44cac Count: 3
[2026-04-28T19:47:36.057Z] GET /messages/d29cfc69-1e2f-4e23-b801-aa04eace1b01 User: 99147d24-736c-4a19-809c-f8f9f9a44cac Count: 3
[2026-04-28T19:47:40.068Z] GET /messages/d29cfc69-1e2f-4e23-b801-aa04eace1b01 User: 99147d24-736c-4a19-809c-f8f9f9a44cac Count: 3
[2026-04-28T19:47:44.064Z] GET /messages/d29cfc69-1e2f-4e23-b801-aa04eace1b01 User: 99147d24-736c-4a19-809c-f8f9f9a44cac Count: 3
[2026-04-28T19:47:48.061Z] GET /messages/d29cfc69-1e2f-4e23-b801-aa04eace1b01 User: 99147d24-736c-4a19-809c-f8f9f9a44cac Count: 3
[2026-04-28T19:47:52.066Z] GET /messages/d29cfc69-1e2f-4e23-b801-aa04eace1b01 User: 99147d24-736c-4a19-809c-f8f9f9a44cac Count: 3
[2026-04-28T19:47:56.069Z] GET /messages/d29cfc69-1e2f-4e23-b801-aa04eace1b01 User: 99147d24-736c-4a19-809c-f8f9f9a44cac Count: 3
[2026-04-28T19:48:00.188Z] GET /messages/d29cfc69-1e2f-4e23-b801-aa04eace1b01 User: 99147d24-736c-4a19-809c-f8f9f9a44cac Count: 3
[2026-04-28T19:48:04.083Z] GET /messages/d29cfc69-1e2f-4e23-b801-aa04eace1b01 User: 99147d24-736c-4a19-809c-f8f9f9a44cac Count: 3
[2026-04-28T19:48:08.076Z] GET /messages/d29cfc69-1e2f-4e23-b801-aa04eace1b01 User: 99147d24-736c-4a19-809c-f8f9f9a44cac Count: 3
[2026-04-28T19:48:12.070Z] GET /messages/d29cfc69-1e2f-4e23-b801-aa04eace1b01 User: 99147d24-736c-4a19-809c-f8f9f9a44cac Count: 3
[2026-04-28T19:48:16.077Z] GET /messages/d29cfc69-1e2f-4e23-b801-aa04eace1b01 User: 99147d24-736c-4a19-809c-f8f9f9a44cac Count: 3
[2026-04-28T19:48:20.081Z] GET /messages/d29cfc69-1e2f-4e23-b801-aa04eace1b01 User: 99147d24-736c-4a19-809c-f8f9f9a44cac Count: 3
[2026-04-28T19:48:24.078Z] GET /messages/d29cfc69-1e2f-4e23-b801-aa04eace1b01 User: 99147d24-736c-4a19-809c-f8f9f9a44cac Count: 3
[2026-04-28T19:48:28.105Z] GET /messages/d29cfc69-1e2f-4e23-b801-aa04eace1b01 User: 99147d24-736c-4a19-809c-f8f9f9a44cac Count: 3
[2026-04-28T19:48:32.097Z] GET /messages/d29cfc69-1e2f-4e23-b801-aa04eace1b01 User: 99147d24-736c-4a19-809c-f8f9f9a44cac Count: 3
[2026-04-28T19:48:36.115Z] GET /messages/d29cfc69-1e2f-4e23-b801-aa04eace1b01 User: 99147d24-736c-4a19-809c-f8f9f9a44cac Count: 3
[2026-04-28T19:48:40.105Z] GET /messages/d29cfc69-1e2f-4e23-b801-aa04eace1b01 User: 99147d24-736c-4a19-809c-f8f9f9a44cac Count: 3
[2026-04-28T19:48:44.103Z] GET /messages/d29cfc69-1e2f-4e23-b801-aa04eace1b01 User: 99147d24-736c-4a19-809c-f8f9f9a44cac Count: 3
[2026-04-28T19:48:48.105Z] GET /messages/d29cfc69-1e2f-4e23-b801-aa04eace1b01 User: 99147d24-736c-4a19-809c-f8f9f9a44cac Count: 3
[2026-04-28T19:48:52.110Z] GET /messages/d29cfc69-1e2f-4e23-b801-aa04eace1b01 User: 99147d24-736c-4a19-809c-f8f9f9a44cac Count: 3
[2026-04-28T19:48:56.110Z] GET /messages/d29cfc69-1e2f-4e23-b801-aa04eace1b01 User: 99147d24-736c-4a19-809c-f8f9f9a44cac Count: 3
[2026-04-28T19:49:00.190Z] GET /messages/d29cfc69-1e2f-4e23-b801-aa04eace1b01 User: 99147d24-736c-4a19-809c-f8f9f9a44cac Count: 3
[2026-04-28T19:49:04.109Z] GET /messages/d29cfc69-1e2f-4e23-b801-aa04eace1b01 User: 99147d24-736c-4a19-809c-f8f9f9a44cac Count: 3
[2026-04-28T19:49:08.122Z] GET /messages/d29cfc69-1e2f-4e23-b801-aa04eace1b01 User: 99147d24-736c-4a19-809c-f8f9f9a44cac Count: 3
[2026-04-28T19:49:12.147Z] GET /messages/d29cfc69-1e2f-4e23-b801-aa04eace1b01 User: 99147d24-736c-4a19-809c-f8f9f9a44cac Count: 3
[2026-04-28T20:03:55.082Z] GET /conversations User: 99147d24-736c-4a19-809c-f8f9f9a44cac Role: client Params: ["99147d24-736c-4a19-809c-f8f9f9a44cac","99147d24-736c-4a19-809c-f8f9f9a44cac"]
[2026-04-28T20:03:57.204Z] GET /messages/d29cfc69-1e2f-4e23-b801-aa04eace1b01 User: 99147d24-736c-4a19-809c-f8f9f9a44cac Count: 3
[2026-04-28T20:04:01.234Z] GET /messages/d29cfc69-1e2f-4e23-b801-aa04eace1b01 User: 99147d24-736c-4a19-809c-f8f9f9a44cac Count: 3
[2026-04-28T20:04:05.189Z] GET /messages/d29cfc69-1e2f-4e23-b801-aa04eace1b01 User: 99147d24-736c-4a19-809c-f8f9f9a44cac Count: 3
[2026-04-28T20:04:09.196Z] GET /messages/d29cfc69-1e2f-4e23-b801-aa04eace1b01 User: 99147d24-736c-4a19-809c-f8f9f9a44cac Count: 3
[2026-04-28T20:04:13.216Z] GET /messages/d29cfc69-1e2f-4e23-b801-aa04eace1b01 User: 99147d24-736c-4a19-809c-f8f9f9a44cac Count: 3
[2026-04-28T20:04:17.209Z] GET /messages/d29cfc69-1e2f-4e23-b801-aa04eace1b01 User: 99147d24-736c-4a19-809c-f8f9f9a44cac Count: 3
[2026-04-28T20:04:21.309Z] GET /messages/d29cfc69-1e2f-4e23-b801-aa04eace1b01 User: 99147d24-736c-4a19-809c-f8f9f9a44cac Count: 3
[2026-04-28T20:04:25.550Z] GET /messages/d29cfc69-1e2f-4e23-b801-aa04eace1b01 User: 99147d24-736c-4a19-809c-f8f9f9a44cac Count: 3
[2026-04-28T20:04:29.221Z] GET /messages/d29cfc69-1e2f-4e23-b801-aa04eace1b01 User: 99147d24-736c-4a19-809c-f8f9f9a44cac Count: 3
[2026-04-28T20:04:33.226Z] GET /messages/d29cfc69-1e2f-4e23-b801-aa04eace1b01 User: 99147d24-736c-4a19-809c-f8f9f9a44cac Count: 3
[2026-04-28T20:04:37.404Z] GET /messages/d29cfc69-1e2f-4e23-b801-aa04eace1b01 User: 99147d24-736c-4a19-809c-f8f9f9a44cac Count: 3
[2026-04-28T20:04:41.282Z] GET /messages/d29cfc69-1e2f-4e23-b801-aa04eace1b01 User: 99147d24-736c-4a19-809c-f8f9f9a44cac Count: 3
[2026-04-28T20:04:45.885Z] GET /messages/d29cfc69-1e2f-4e23-b801-aa04eace1b01 User: 99147d24-736c-4a19-809c-f8f9f9a44cac Count: 3
[2026-04-28T20:04:49.244Z] GET /messages/d29cfc69-1e2f-4e23-b801-aa04eace1b01 User: 99147d24-736c-4a19-809c-f8f9f9a44cac Count: 3
[2026-04-28T20:04:53.251Z] GET /messages/d29cfc69-1e2f-4e23-b801-aa04eace1b01 User: 99147d24-736c-4a19-809c-f8f9f9a44cac Count: 3
[2026-04-28T20:04:57.250Z] GET /messages/d29cfc69-1e2f-4e23-b801-aa04eace1b01 User: 99147d24-736c-4a19-809c-f8f9f9a44cac Count: 3
[2026-04-28T20:05:01.243Z] GET /messages/d29cfc69-1e2f-4e23-b801-aa04eace1b01 User: 99147d24-736c-4a19-809c-f8f9f9a44cac Count: 3
[2026-04-28T20:05:05.246Z] GET /messages/d29cfc69-1e2f-4e23-b801-aa04eace1b01 User: 99147d24-736c-4a19-809c-f8f9f9a44cac Count: 3
[2026-04-28T20:05:09.331Z] GET /messages/d29cfc69-1e2f-4e23-b801-aa04eace1b01 User: 99147d24-736c-4a19-809c-f8f9f9a44cac Count: 3
[2026-04-28T20:05:13.252Z] GET /messages/d29cfc69-1e2f-4e23-b801-aa04eace1b01 User: 99147d24-736c-4a19-809c-f8f9f9a44cac Count: 3
[2026-04-28T20:05:17.253Z] GET /messages/d29cfc69-1e2f-4e23-b801-aa04eace1b01 User: 99147d24-736c-4a19-809c-f8f9f9a44cac Count: 3
[2026-04-28T20:05:21.312Z] GET /messages/d29cfc69-1e2f-4e23-b801-aa04eace1b01 User: 99147d24-736c-4a19-809c-f8f9f9a44cac Count: 3
[2026-04-28T20:05:25.309Z] GET /messages/d29cfc69-1e2f-4e23-b801-aa04eace1b01 User: 99147d24-736c-4a19-809c-f8f9f9a44cac Count: 3
[2026-04-28T20:05:29.302Z] GET /messages/d29cfc69-1e2f-4e23-b801-aa04eace1b01 User: 99147d24-736c-4a19-809c-f8f9f9a44cac Count: 3
[2026-04-28T20:05:33.297Z] GET /messages/d29cfc69-1e2f-4e23-b801-aa04eace1b01 User: 99147d24-736c-4a19-809c-f8f9f9a44cac Count: 3
[2026-04-28T20:05:37.287Z] GET /messages/d29cfc69-1e2f-4e23-b801-aa04eace1b01 User: 99147d24-736c-4a19-809c-f8f9f9a44cac Count: 3
[2026-04-28T20:05:41.269Z] GET /messages/d29cfc69-1e2f-4e23-b801-aa04eace1b01 User: 99147d24-736c-4a19-809c-f8f9f9a44cac Count: 3
[2026-04-28T20:05:45.278Z] GET /messages/d29cfc69-1e2f-4e23-b801-aa04eace1b01 User: 99147d24-736c-4a19-809c-f8f9f9a44cac Count: 3
[2026-04-28T20:05:49.272Z] GET /messages/d29cfc69-1e2f-4e23-b801-aa04eace1b01 User: 99147d24-736c-4a19-809c-f8f9f9a44cac Count: 3
[2026-04-28T20:05:53.260Z] GET /messages/d29cfc69-1e2f-4e23-b801-aa04eace1b01 User: 99147d24-736c-4a19-809c-f8f9f9a44cac Count: 3
[2026-04-28T20:05:57.357Z] GET /messages/d29cfc69-1e2f-4e23-b801-aa04eace1b01 User: 99147d24-736c-4a19-809c-f8f9f9a44cac Count: 3
[2026-04-28T20:06:01.354Z] GET /messages/d29cfc69-1e2f-4e23-b801-aa04eace1b01 User: 99147d24-736c-4a19-809c-f8f9f9a44cac Count: 3
[2026-04-28T20:06:05.264Z] GET /messages/d29cfc69-1e2f-4e23-b801-aa04eace1b01 User: 99147d24-736c-4a19-809c-f8f9f9a44cac Count: 3
[2026-04-28T20:06:09.568Z] GET /messages/d29cfc69-1e2f-4e23-b801-aa04eace1b01 User: 99147d24-736c-4a19-809c-f8f9f9a44cac Count: 3
[2026-04-28T20:32:59.524Z] GET /messages/d29cfc69-1e2f-4e23-b801-aa04eace1b01 User: 99147d24-736c-4a19-809c-f8f9f9a44cac Count: 3
[2026-04-28T20:33:03.392Z] GET /messages/d29cfc69-1e2f-4e23-b801-aa04eace1b01 User: 99147d24-736c-4a19-809c-f8f9f9a44cac Count: 3
[2026-04-28T20:33:07.383Z] GET /messages/d29cfc69-1e2f-4e23-b801-aa04eace1b01 User: 99147d24-736c-4a19-809c-f8f9f9a44cac Count: 3
[2026-04-28T20:33:08.198Z] GET /conversations User: 99147d24-736c-4a19-809c-f8f9f9a44cac Role: client Params: ["99147d24-736c-4a19-809c-f8f9f9a44cac","99147d24-736c-4a19-809c-f8f9f9a44cac"]
[2026-04-28T20:33:09.905Z] GET /messages/d29cfc69-1e2f-4e23-b801-aa04eace1b01 User: 99147d24-736c-4a19-809c-f8f9f9a44cac Count: 3
[2026-04-28T20:33:13.890Z] GET /messages/d29cfc69-1e2f-4e23-b801-aa04eace1b01 User: 99147d24-736c-4a19-809c-f8f9f9a44cac Count: 3
[2026-04-28T20:33:35.675Z] GET /conversations User: 99147d24-736c-4a19-809c-f8f9f9a44cac Role: client Params: ["99147d24-736c-4a19-809c-f8f9f9a44cac","99147d24-736c-4a19-809c-f8f9f9a44cac"]
[2026-04-28T20:33:37.067Z] GET /messages/d29cfc69-1e2f-4e23-b801-aa04eace1b01 User: 99147d24-736c-4a19-809c-f8f9f9a44cac Count: 3
[2026-04-28T20:33:41.066Z] GET /messages/d29cfc69-1e2f-4e23-b801-aa04eace1b01 User: 99147d24-736c-4a19-809c-f8f9f9a44cac Count: 3
[2026-04-28T20:33:45.074Z] GET /messages/d29cfc69-1e2f-4e23-b801-aa04eace1b01 User: 99147d24-736c-4a19-809c-f8f9f9a44cac Count: 4
[2026-04-28T20:33:49.074Z] GET /messages/d29cfc69-1e2f-4e23-b801-aa04eace1b01 User: 99147d24-736c-4a19-809c-f8f9f9a44cac Count: 4
[2026-04-28T20:33:53.077Z] GET /messages/d29cfc69-1e2f-4e23-b801-aa04eace1b01 User: 99147d24-736c-4a19-809c-f8f9f9a44cac Count: 4
[2026-04-28T20:33:57.078Z] GET /messages/d29cfc69-1e2f-4e23-b801-aa04eace1b01 User: 99147d24-736c-4a19-809c-f8f9f9a44cac Count: 5
[2026-04-28T20:34:01.083Z] GET /messages/d29cfc69-1e2f-4e23-b801-aa04eace1b01 User: 99147d24-736c-4a19-809c-f8f9f9a44cac Count: 5
[2026-04-28T20:34:05.083Z] GET /messages/d29cfc69-1e2f-4e23-b801-aa04eace1b01 User: 99147d24-736c-4a19-809c-f8f9f9a44cac Count: 5
[2026-04-28T20:34:09.081Z] GET /messages/d29cfc69-1e2f-4e23-b801-aa04eace1b01 User: 99147d24-736c-4a19-809c-f8f9f9a44cac Count: 5
[2026-04-28T20:34:13.083Z] GET /messages/d29cfc69-1e2f-4e23-b801-aa04eace1b01 User: 99147d24-736c-4a19-809c-f8f9f9a44cac Count: 5
[2026-04-28T20:34:17.095Z] GET /messages/d29cfc69-1e2f-4e23-b801-aa04eace1b01 User: 99147d24-736c-4a19-809c-f8f9f9a44cac Count: 5
[2026-04-28T20:34:21.088Z] GET /messages/d29cfc69-1e2f-4e23-b801-aa04eace1b01 User: 99147d24-736c-4a19-809c-f8f9f9a44cac Count: 5
[2026-04-28T20:36:41.855Z] GET /messages/d29cfc69-1e2f-4e23-b801-aa04eace1b01 User: 99147d24-736c-4a19-809c-f8f9f9a44cac Count: 5
[2026-04-28T20:36:41.949Z] GET /messages/d29cfc69-1e2f-4e23-b801-aa04eace1b01 User: 99147d24-736c-4a19-809c-f8f9f9a44cac Count: 5
[2026-04-28T20:36:46.001Z] GET /messages/d29cfc69-1e2f-4e23-b801-aa04eace1b01 User: 99147d24-736c-4a19-809c-f8f9f9a44cac Count: 5
[2026-04-28T20:37:07.409Z] GET /conversations User: 99147d24-736c-4a19-809c-f8f9f9a44cac Role: client Params: ["99147d24-736c-4a19-809c-f8f9f9a44cac","99147d24-736c-4a19-809c-f8f9f9a44cac"]
[2026-04-28T20:37:08.403Z] GET /messages/d29cfc69-1e2f-4e23-b801-aa04eace1b01 User: 99147d24-736c-4a19-809c-f8f9f9a44cac Count: 5
[2026-04-28T20:37:12.429Z] GET /messages/d29cfc69-1e2f-4e23-b801-aa04eace1b01 User: 99147d24-736c-4a19-809c-f8f9f9a44cac Count: 5
[2026-04-28T20:37:16.387Z] GET /messages/d29cfc69-1e2f-4e23-b801-aa04eace1b01 User: 99147d24-736c-4a19-809c-f8f9f9a44cac Count: 5
[2026-04-28T20:37:20.416Z] GET /messages/d29cfc69-1e2f-4e23-b801-aa04eace1b01 User: 99147d24-736c-4a19-809c-f8f9f9a44cac Count: 6
[2026-04-28T20:37:24.390Z] GET /messages/d29cfc69-1e2f-4e23-b801-aa04eace1b01 User: 99147d24-736c-4a19-809c-f8f9f9a44cac Count: 7
[2026-04-28T20:37:28.506Z] GET /messages/d29cfc69-1e2f-4e23-b801-aa04eace1b01 User: 99147d24-736c-4a19-809c-f8f9f9a44cac Count: 7
[2026-04-28T20:37:32.502Z] GET /messages/d29cfc69-1e2f-4e23-b801-aa04eace1b01 User: 99147d24-736c-4a19-809c-f8f9f9a44cac Count: 7
[2026-04-28T20:37:36.502Z] GET /messages/d29cfc69-1e2f-4e23-b801-aa04eace1b01 User: 99147d24-736c-4a19-809c-f8f9f9a44cac Count: 7
[2026-04-28T20:37:40.484Z] GET /messages/d29cfc69-1e2f-4e23-b801-aa04eace1b01 User: 99147d24-736c-4a19-809c-f8f9f9a44cac Count: 7
[2026-04-28T20:37:44.490Z] GET /messages/d29cfc69-1e2f-4e23-b801-aa04eace1b01 User: 99147d24-736c-4a19-809c-f8f9f9a44cac Count: 7
[2026-04-28T20:37:48.476Z] GET /messages/d29cfc69-1e2f-4e23-b801-aa04eace1b01 User: 99147d24-736c-4a19-809c-f8f9f9a44cac Count: 7
[2026-04-28T20:37:52.415Z] GET /messages/d29cfc69-1e2f-4e23-b801-aa04eace1b01 User: 99147d24-736c-4a19-809c-f8f9f9a44cac Count: 7
[2026-04-28T20:37:56.417Z] GET /messages/d29cfc69-1e2f-4e23-b801-aa04eace1b01 User: 99147d24-736c-4a19-809c-f8f9f9a44cac Count: 7
[2026-04-28T20:38:00.457Z] GET /messages/d29cfc69-1e2f-4e23-b801-aa04eace1b01 User: 99147d24-736c-4a19-809c-f8f9f9a44cac Count: 7
[2026-04-28T20:38:04.449Z] GET /messages/d29cfc69-1e2f-4e23-b801-aa04eace1b01 User: 99147d24-736c-4a19-809c-f8f9f9a44cac Count: 7
[2026-04-28T20:38:08.419Z] GET /messages/d29cfc69-1e2f-4e23-b801-aa04eace1b01 User: 99147d24-736c-4a19-809c-f8f9f9a44cac Count: 7
[2026-04-28T20:38:12.417Z] GET /messages/d29cfc69-1e2f-4e23-b801-aa04eace1b01 User: 99147d24-736c-4a19-809c-f8f9f9a44cac Count: 7
[2026-04-28T20:38:16.479Z] GET /messages/d29cfc69-1e2f-4e23-b801-aa04eace1b01 User: 99147d24-736c-4a19-809c-f8f9f9a44cac Count: 7
[2026-04-28T20:53:58.425Z] GET /conversations User: 99147d24-736c-4a19-809c-f8f9f9a44cac Role: client Params: ["99147d24-736c-4a19-809c-f8f9f9a44cac","99147d24-736c-4a19-809c-f8f9f9a44cac"]
[2026-04-28T20:53:59.435Z] GET /messages/d29cfc69-1e2f-4e23-b801-aa04eace1b01 User: 99147d24-736c-4a19-809c-f8f9f9a44cac Count: 7
[2026-04-28T20:54:03.439Z] GET /messages/d29cfc69-1e2f-4e23-b801-aa04eace1b01 User: 99147d24-736c-4a19-809c-f8f9f9a44cac Count: 8
[2026-04-28T20:54:07.436Z] GET /messages/d29cfc69-1e2f-4e23-b801-aa04eace1b01 User: 99147d24-736c-4a19-809c-f8f9f9a44cac Count: 8
[2026-04-28T20:54:11.443Z] GET /messages/d29cfc69-1e2f-4e23-b801-aa04eace1b01 User: 99147d24-736c-4a19-809c-f8f9f9a44cac Count: 9
[2026-04-28T20:54:13.226Z] GET /conversations User: 99147d24-736c-4a19-809c-f8f9f9a44cac Role: client Params: ["99147d24-736c-4a19-809c-f8f9f9a44cac","99147d24-736c-4a19-809c-f8f9f9a44cac"]
[2026-04-28T20:54:13.842Z] GET /messages/d29cfc69-1e2f-4e23-b801-aa04eace1b01 User: 99147d24-736c-4a19-809c-f8f9f9a44cac Count: 9
[2026-04-28T20:54:17.875Z] GET /messages/d29cfc69-1e2f-4e23-b801-aa04eace1b01 User: 99147d24-736c-4a19-809c-f8f9f9a44cac Count: 9
[2026-04-28T20:54:21.868Z] GET /messages/d29cfc69-1e2f-4e23-b801-aa04eace1b01 User: 99147d24-736c-4a19-809c-f8f9f9a44cac Count: 9
[2026-04-28T20:54:25.865Z] GET /messages/d29cfc69-1e2f-4e23-b801-aa04eace1b01 User: 99147d24-736c-4a19-809c-f8f9f9a44cac Count: 9
[2026-04-28T20:54:29.833Z] GET /messages/d29cfc69-1e2f-4e23-b801-aa04eace1b01 User: 99147d24-736c-4a19-809c-f8f9f9a44cac Count: 9
[2026-04-28T20:54:46.249Z] GET /messages/d29cfc69-1e2f-4e23-b801-aa04eace1b01 User: 99147d24-736c-4a19-809c-f8f9f9a44cac Count: 9
[2026-04-28T21:04:22.857Z] GET /conversations User: a830555f-b374-4385-a2a8-72e514e0fa41 Role: transporter Params: ["a830555f-b374-4385-a2a8-72e514e0fa41","a830555f-b374-4385-a2a8-72e514e0fa41"]
[2026-04-28T21:05:25.517Z] GET /conversations User: a830555f-b374-4385-a2a8-72e514e0fa41 Role: transporter Params: ["a830555f-b374-4385-a2a8-72e514e0fa41","a830555f-b374-4385-a2a8-72e514e0fa41"]
[2026-04-29T20:48:48.595Z] GET /messages/fda5baf8-2313-4eca-804c-bb95b2f61688 User: 7344edd8-aac2-4737-96c3-87fe67b18888 Count: 1
[2026-04-29T20:48:52.661Z] GET /messages/fda5baf8-2313-4eca-804c-bb95b2f61688 User: 7344edd8-aac2-4737-96c3-87fe67b18888 Count: 1
[2026-04-29T20:48:56.727Z] GET /messages/fda5baf8-2313-4eca-804c-bb95b2f61688 User: 7344edd8-aac2-4737-96c3-87fe67b18888 Count: 1
[2026-04-29T20:49:00.603Z] GET /messages/fda5baf8-2313-4eca-804c-bb95b2f61688 User: 7344edd8-aac2-4737-96c3-87fe67b18888 Count: 1
[2026-04-29T20:49:04.857Z] GET /messages/fda5baf8-2313-4eca-804c-bb95b2f61688 User: 7344edd8-aac2-4737-96c3-87fe67b18888 Count: 1
[2026-04-29T20:49:08.613Z] GET /messages/fda5baf8-2313-4eca-804c-bb95b2f61688 User: 7344edd8-aac2-4737-96c3-87fe67b18888 Count: 2
[2026-04-29T20:49:12.613Z] GET /messages/fda5baf8-2313-4eca-804c-bb95b2f61688 User: 7344edd8-aac2-4737-96c3-87fe67b18888 Count: 2
[2026-04-29T20:49:16.625Z] GET /messages/fda5baf8-2313-4eca-804c-bb95b2f61688 User: 7344edd8-aac2-4737-96c3-87fe67b18888 Count: 3
[2026-04-29T20:49:20.623Z] GET /messages/fda5baf8-2313-4eca-804c-bb95b2f61688 User: 7344edd8-aac2-4737-96c3-87fe67b18888 Count: 3
[2026-04-29T20:49:24.639Z] GET /messages/fda5baf8-2313-4eca-804c-bb95b2f61688 User: 7344edd8-aac2-4737-96c3-87fe67b18888 Count: 4
[2026-04-29T20:49:28.643Z] GET /messages/fda5baf8-2313-4eca-804c-bb95b2f61688 User: 7344edd8-aac2-4737-96c3-87fe67b18888 Count: 4
[2026-04-29T20:49:32.648Z] GET /messages/fda5baf8-2313-4eca-804c-bb95b2f61688 User: 7344edd8-aac2-4737-96c3-87fe67b18888 Count: 4
[2026-04-29T20:49:36.729Z] GET /messages/fda5baf8-2313-4eca-804c-bb95b2f61688 User: 7344edd8-aac2-4737-96c3-87fe67b18888 Count: 4
[2026-04-29T20:49:40.856Z] GET /messages/fda5baf8-2313-4eca-804c-bb95b2f61688 User: 7344edd8-aac2-4737-96c3-87fe67b18888 Count: 4
[2026-04-29T20:49:44.721Z] GET /messages/fda5baf8-2313-4eca-804c-bb95b2f61688 User: 7344edd8-aac2-4737-96c3-87fe67b18888 Count: 4
[2026-04-29T20:49:48.645Z] GET /messages/fda5baf8-2313-4eca-804c-bb95b2f61688 User: 7344edd8-aac2-4737-96c3-87fe67b18888 Count: 4
[2026-04-29T20:49:52.644Z] GET /messages/fda5baf8-2313-4eca-804c-bb95b2f61688 User: 7344edd8-aac2-4737-96c3-87fe67b18888 Count: 4
[2026-04-29T20:49:56.802Z] GET /messages/fda5baf8-2313-4eca-804c-bb95b2f61688 User: 7344edd8-aac2-4737-96c3-87fe67b18888 Count: 4
[2026-04-29T20:50:00.801Z] GET /messages/fda5baf8-2313-4eca-804c-bb95b2f61688 User: 7344edd8-aac2-4737-96c3-87fe67b18888 Count: 4
[2026-04-29T20:50:04.789Z] GET /messages/fda5baf8-2313-4eca-804c-bb95b2f61688 User: 7344edd8-aac2-4737-96c3-87fe67b18888 Count: 4
[2026-04-29T20:50:08.781Z] GET /messages/fda5baf8-2313-4eca-804c-bb95b2f61688 User: 7344edd8-aac2-4737-96c3-87fe67b18888 Count: 4
[2026-04-29T20:50:12.994Z] GET /messages/fda5baf8-2313-4eca-804c-bb95b2f61688 User: 7344edd8-aac2-4737-96c3-87fe67b18888 Count: 4
[2026-04-29T20:50:16.875Z] GET /messages/fda5baf8-2313-4eca-804c-bb95b2f61688 User: 7344edd8-aac2-4737-96c3-87fe67b18888 Count: 4
[2026-04-29T20:50:21.092Z] GET /messages/fda5baf8-2313-4eca-804c-bb95b2f61688 User: 7344edd8-aac2-4737-96c3-87fe67b18888 Count: 4
[2026-04-29T20:50:25.085Z] GET /messages/fda5baf8-2313-4eca-804c-bb95b2f61688 User: 7344edd8-aac2-4737-96c3-87fe67b18888 Count: 4
[2026-04-29T20:50:28.832Z] GET /messages/fda5baf8-2313-4eca-804c-bb95b2f61688 User: 7344edd8-aac2-4737-96c3-87fe67b18888 Count: 4
[2026-04-29T20:50:32.765Z] GET /messages/fda5baf8-2313-4eca-804c-bb95b2f61688 User: 7344edd8-aac2-4737-96c3-87fe67b18888 Count: 4
[2026-04-29T20:50:36.839Z] GET /messages/fda5baf8-2313-4eca-804c-bb95b2f61688 User: 7344edd8-aac2-4737-96c3-87fe67b18888 Count: 4
[2026-04-29T20:50:40.828Z] GET /messages/fda5baf8-2313-4eca-804c-bb95b2f61688 User: 7344edd8-aac2-4737-96c3-87fe67b18888 Count: 4
[2026-04-29T20:50:44.785Z] GET /messages/fda5baf8-2313-4eca-804c-bb95b2f61688 User: 7344edd8-aac2-4737-96c3-87fe67b18888 Count: 4
[2026-04-29T20:50:48.800Z] GET /messages/fda5baf8-2313-4eca-804c-bb95b2f61688 User: 7344edd8-aac2-4737-96c3-87fe67b18888 Count: 4
[2026-04-29T20:50:52.808Z] GET /messages/fda5baf8-2313-4eca-804c-bb95b2f61688 User: 7344edd8-aac2-4737-96c3-87fe67b18888 Count: 4
[2026-04-29T20:50:56.908Z] GET /messages/fda5baf8-2313-4eca-804c-bb95b2f61688 User: 7344edd8-aac2-4737-96c3-87fe67b18888 Count: 4
[2026-04-29T20:51:00.907Z] GET /messages/fda5baf8-2313-4eca-804c-bb95b2f61688 User: 7344edd8-aac2-4737-96c3-87fe67b18888 Count: 4
[2026-04-29T20:51:04.902Z] GET /messages/fda5baf8-2313-4eca-804c-bb95b2f61688 User: 7344edd8-aac2-4737-96c3-87fe67b18888 Count: 4
[2026-04-29T20:51:09.030Z] GET /messages/fda5baf8-2313-4eca-804c-bb95b2f61688 User: 7344edd8-aac2-4737-96c3-87fe67b18888 Count: 4
[2026-04-29T20:51:13.239Z] GET /messages/fda5baf8-2313-4eca-804c-bb95b2f61688 User: 7344edd8-aac2-4737-96c3-87fe67b18888 Count: 4
[2026-04-29T20:51:16.834Z] GET /messages/fda5baf8-2313-4eca-804c-bb95b2f61688 User: 7344edd8-aac2-4737-96c3-87fe67b18888 Count: 4
[2026-04-29T20:51:20.878Z] GET /messages/fda5baf8-2313-4eca-804c-bb95b2f61688 User: 7344edd8-aac2-4737-96c3-87fe67b18888 Count: 4
[2026-04-29T20:51:24.820Z] GET /messages/fda5baf8-2313-4eca-804c-bb95b2f61688 User: 7344edd8-aac2-4737-96c3-87fe67b18888 Count: 4
[2026-04-29T20:51:28.868Z] GET /messages/fda5baf8-2313-4eca-804c-bb95b2f61688 User: 7344edd8-aac2-4737-96c3-87fe67b18888 Count: 4
[2026-04-29T20:51:32.828Z] GET /messages/fda5baf8-2313-4eca-804c-bb95b2f61688 User: 7344edd8-aac2-4737-96c3-87fe67b18888 Count: 4
[2026-04-29T20:51:36.855Z] GET /messages/fda5baf8-2313-4eca-804c-bb95b2f61688 User: 7344edd8-aac2-4737-96c3-87fe67b18888 Count: 4
[2026-04-29T20:51:40.848Z] GET /messages/fda5baf8-2313-4eca-804c-bb95b2f61688 User: 7344edd8-aac2-4737-96c3-87fe67b18888 Count: 4
[2026-04-29T20:51:44.838Z] GET /messages/fda5baf8-2313-4eca-804c-bb95b2f61688 User: 7344edd8-aac2-4737-96c3-87fe67b18888 Count: 4
[2026-04-29T20:51:48.938Z] GET /messages/fda5baf8-2313-4eca-804c-bb95b2f61688 User: 7344edd8-aac2-4737-96c3-87fe67b18888 Count: 4
[2026-04-29T20:51:53.256Z] GET /messages/fda5baf8-2313-4eca-804c-bb95b2f61688 User: 7344edd8-aac2-4737-96c3-87fe67b18888 Count: 4
[2026-04-29T20:51:56.927Z] GET /messages/fda5baf8-2313-4eca-804c-bb95b2f61688 User: 7344edd8-aac2-4737-96c3-87fe67b18888 Count: 4
[2026-04-29T20:52:00.946Z] GET /messages/fda5baf8-2313-4eca-804c-bb95b2f61688 User: 7344edd8-aac2-4737-96c3-87fe67b18888 Count: 4
[2026-04-29T20:52:04.875Z] GET /messages/fda5baf8-2313-4eca-804c-bb95b2f61688 User: 7344edd8-aac2-4737-96c3-87fe67b18888 Count: 4
[2026-04-29T20:52:08.906Z] GET /messages/fda5baf8-2313-4eca-804c-bb95b2f61688 User: 7344edd8-aac2-4737-96c3-87fe67b18888 Count: 4
[2026-04-29T20:52:13.004Z] GET /messages/fda5baf8-2313-4eca-804c-bb95b2f61688 User: 7344edd8-aac2-4737-96c3-87fe67b18888 Count: 4
[2026-04-29T20:52:16.997Z] GET /messages/fda5baf8-2313-4eca-804c-bb95b2f61688 User: 7344edd8-aac2-4737-96c3-87fe67b18888 Count: 4
[2026-04-29T20:52:20.991Z] GET /messages/fda5baf8-2313-4eca-804c-bb95b2f61688 User: 7344edd8-aac2-4737-96c3-87fe67b18888 Count: 4
[2026-04-29T20:52:24.900Z] GET /messages/fda5baf8-2313-4eca-804c-bb95b2f61688 User: 7344edd8-aac2-4737-96c3-87fe67b18888 Count: 4
[2026-04-29T20:52:28.896Z] GET /messages/fda5baf8-2313-4eca-804c-bb95b2f61688 User: 7344edd8-aac2-4737-96c3-87fe67b18888 Count: 4
[2026-04-29T20:52:32.901Z] GET /messages/fda5baf8-2313-4eca-804c-bb95b2f61688 User: 7344edd8-aac2-4737-96c3-87fe67b18888 Count: 4
[2026-04-29T20:52:37.552Z] GET /messages/fda5baf8-2313-4eca-804c-bb95b2f61688 User: 7344edd8-aac2-4737-96c3-87fe67b18888 Count: 4
[2026-04-29T20:52:40.939Z] GET /messages/fda5baf8-2313-4eca-804c-bb95b2f61688 User: 7344edd8-aac2-4737-96c3-87fe67b18888 Count: 4
[2026-04-29T20:52:44.976Z] GET /messages/fda5baf8-2313-4eca-804c-bb95b2f61688 User: 7344edd8-aac2-4737-96c3-87fe67b18888 Count: 4
[2026-04-29T20:52:48.992Z] GET /messages/fda5baf8-2313-4eca-804c-bb95b2f61688 User: 7344edd8-aac2-4737-96c3-87fe67b18888 Count: 4
[2026-04-29T20:52:53.079Z] GET /messages/fda5baf8-2313-4eca-804c-bb95b2f61688 User: 7344edd8-aac2-4737-96c3-87fe67b18888 Count: 4
[2026-04-29T20:52:57.215Z] GET /messages/fda5baf8-2313-4eca-804c-bb95b2f61688 User: 7344edd8-aac2-4737-96c3-87fe67b18888 Count: 4
[2026-04-29T20:53:01.271Z] GET /messages/fda5baf8-2313-4eca-804c-bb95b2f61688 User: 7344edd8-aac2-4737-96c3-87fe67b18888 Count: 4
[2026-04-29T20:53:05.363Z] GET /messages/fda5baf8-2313-4eca-804c-bb95b2f61688 User: 7344edd8-aac2-4737-96c3-87fe67b18888 Count: 4
[2026-04-29T20:53:09.460Z] GET /messages/fda5baf8-2313-4eca-804c-bb95b2f61688 User: 7344edd8-aac2-4737-96c3-87fe67b18888 Count: 4
[2026-04-29T20:57:11.948Z] GET /messages/fda5baf8-2313-4eca-804c-bb95b2f61688 User: 7344edd8-aac2-4737-96c3-87fe67b18888 Count: 4
[2026-04-29T20:57:15.849Z] GET /messages/fda5baf8-2313-4eca-804c-bb95b2f61688 User: 7344edd8-aac2-4737-96c3-87fe67b18888 Count: 4
[2026-04-29T20:57:20.131Z] GET /messages/fda5baf8-2313-4eca-804c-bb95b2f61688 User: 7344edd8-aac2-4737-96c3-87fe67b18888 Count: 4
[2026-04-29T20:57:23.849Z] GET /messages/fda5baf8-2313-4eca-804c-bb95b2f61688 User: 7344edd8-aac2-4737-96c3-87fe67b18888 Count: 4
[2026-04-29T20:57:27.859Z] GET /messages/fda5baf8-2313-4eca-804c-bb95b2f61688 User: 7344edd8-aac2-4737-96c3-87fe67b18888 Count: 4
[2026-04-29T20:57:31.876Z] GET /messages/fda5baf8-2313-4eca-804c-bb95b2f61688 User: 7344edd8-aac2-4737-96c3-87fe67b18888 Count: 4
[2026-04-29T20:57:35.971Z] GET /messages/fda5baf8-2313-4eca-804c-bb95b2f61688 User: 7344edd8-aac2-4737-96c3-87fe67b18888 Count: 4
[2026-04-29T20:57:40.102Z] GET /messages/fda5baf8-2313-4eca-804c-bb95b2f61688 User: 7344edd8-aac2-4737-96c3-87fe67b18888 Count: 4
[2026-04-29T20:57:43.896Z] GET /messages/fda5baf8-2313-4eca-804c-bb95b2f61688 User: 7344edd8-aac2-4737-96c3-87fe67b18888 Count: 4
[2026-04-29T20:57:47.954Z] GET /messages/fda5baf8-2313-4eca-804c-bb95b2f61688 User: 7344edd8-aac2-4737-96c3-87fe67b18888 Count: 4
[2026-04-29T20:57:52.053Z] GET /messages/fda5baf8-2313-4eca-804c-bb95b2f61688 User: 7344edd8-aac2-4737-96c3-87fe67b18888 Count: 4
[2026-04-29T20:57:56.126Z] GET /messages/fda5baf8-2313-4eca-804c-bb95b2f61688 User: 7344edd8-aac2-4737-96c3-87fe67b18888 Count: 4
[2026-04-29T20:58:00.246Z] GET /messages/fda5baf8-2313-4eca-804c-bb95b2f61688 User: 7344edd8-aac2-4737-96c3-87fe67b18888 Count: 4
[2026-04-29T20:58:04.268Z] GET /messages/fda5baf8-2313-4eca-804c-bb95b2f61688 User: 7344edd8-aac2-4737-96c3-87fe67b18888 Count: 4
[2026-04-29T20:58:08.371Z] GET /messages/fda5baf8-2313-4eca-804c-bb95b2f61688 User: 7344edd8-aac2-4737-96c3-87fe67b18888 Count: 4
[2026-04-29T21:10:23.397Z] GET /messages/fda5baf8-2313-4eca-804c-bb95b2f61688 User: 7344edd8-aac2-4737-96c3-87fe67b18888 Count: 4
[2026-04-29T21:10:27.257Z] GET /messages/fda5baf8-2313-4eca-804c-bb95b2f61688 User: 7344edd8-aac2-4737-96c3-87fe67b18888 Count: 4
[2026-04-29T21:10:41.777Z] GET /conversations User: 7344edd8-aac2-4737-96c3-87fe67b18888 Role: client Params: ["7344edd8-aac2-4737-96c3-87fe67b18888","7344edd8-aac2-4737-96c3-87fe67b18888"]
[2026-04-30T20:19:25.080Z] GET /conversations User: a51b37a9-864c-4e84-b4d6-340b0859df23 Role: client Params: ["a51b37a9-864c-4e84-b4d6-340b0859df23","a51b37a9-864c-4e84-b4d6-340b0859df23"]
[2026-04-30T20:22:05.205Z] GET /conversations User: a51b37a9-864c-4e84-b4d6-340b0859df23 Role: client Params: ["a51b37a9-864c-4e84-b4d6-340b0859df23","a51b37a9-864c-4e84-b4d6-340b0859df23"]
[2026-04-30T20:22:09.417Z] GET /conversations User: a51b37a9-864c-4e84-b4d6-340b0859df23 Role: client Params: ["a51b37a9-864c-4e84-b4d6-340b0859df23","a51b37a9-864c-4e84-b4d6-340b0859df23"]
[2026-04-30T20:22:51.212Z] GET /conversations User: a51b37a9-864c-4e84-b4d6-340b0859df23 Role: client Params: ["a51b37a9-864c-4e84-b4d6-340b0859df23","a51b37a9-864c-4e84-b4d6-340b0859df23"]
